{"data":{},"file":"profileInfo_handler.go:274","func":"user-service/http/handler.(*profileInfoHandlder).SaveNewUser","level":"info","msg":"Handling SAVING NEW USER","time":"2021-06-11 23:23:33"}
{"data":{},"file":"profileInfo_handler.go:274","func":"user-service/http/handler.(*profileInfoHandlder).SaveNewUser","level":"info","msg":"Handling SAVING NEW USER","time":"2021-06-11 23:26:35"}
{"data":{},"file":"profileInfo_handler.go:274","func":"user-service/http/handler.(*profileInfoHandlder).SaveNewUser","level":"info","msg":"Handling SAVING NEW USER","time":"2021-06-11 23:28:49"}
{"data":{},"file":"profileInfo_handler.go:274","func":"user-service/http/handler.(*profileInfoHandlder).SaveNewUser","level":"info","msg":"Handling SAVING NEW USER","time":"2021-06-11 23:31:16"}
{"data":{},"file":"profileInfo_usecase.go:60","func":"user-service/usecase.(*profileInfoUseCase).Exists","level":"info","msg":"does exist by username stef123, and email stef@stef.com\n","time":"2021-06-11 23:31:36"}
{"data":{},"file":"profileInfo_usecase.go:139","func":"user-service/usecase.(*profileInfoUseCase).EncodeBase64","level":"info","msg":"encoding base64 image for userId 123333\n","time":"2021-06-11 23:31:42"}
{"data":{},"file":"profileInfo_usecase.go:134","func":"user-service/usecase.(*profileInfoUseCase).SaveNewUser","level":"info","msg":"saving new user with username stef123\n","time":"2021-06-11 23:31:53"}
{"data":{},"file":"profileInfo_handler.go:274","func":"user-service/http/handler.(*profileInfoHandlder).SaveNewUser","level":"info","msg":"Handling SAVING NEW USER","time":"2021-06-11 23:34:37"}
{"data":{},"file":"profileInfo_usecase.go:60","func":"user-service/usecase.(*profileInfoUseCase).Exists","level":"info","msg":"does exist by username stef123, and email stef@stef.com\n","time":"2021-06-11 23:34:57"}
{"data":{},"file":"profileInfo_usecase.go:139","func":"user-service/usecase.(*profileInfoUseCase).EncodeBase64","level":"info","msg":"encoding base64 image for userId 123333\n","time":"2021-06-11 23:35:00"}
{"data":{},"file":"profileInfo_usecase.go:134","func":"user-service/usecase.(*profileInfoUseCase).SaveNewUser","level":"info","msg":"saving new user with username stef123\n","time":"2021-06-11 23:35:00"}
{"data":{},"file":"profileInfo_handler.go:274","func":"user-service/http/handler.(*profileInfoHandlder).SaveNewUser","level":"info","msg":"Handling SAVING NEW USER","time":"2021-06-12 00:28:38"}
{"data":{},"file":"profileInfo_usecase.go:59","func":"user-service/usecase.(*profileInfoUseCase).Exists","level":"info","msg":"does exist by username stef123, and email stef@stef.com\n","time":"2021-06-12 00:28:38"}
{"data":{},"file":"profileInfo_repository.go:67","func":"user-service/repository.(*profileInfoRepository).Exists","level":"error","msg":"error while checking if exists by username stef123 and email stef@stef.com\n","time":"2021-06-12 00:28:38"}
{"data":{},"file":"profileInfo_usecase.go:138","func":"user-service/usecase.(*profileInfoUseCase).EncodeBase64","level":"info","msg":"encoding base64 image for userId 123333\n","time":"2021-06-12 00:28:38"}
{"data":{},"file":"profileInfo_usecase.go:133","func":"user-service/usecase.(*profileInfoUseCase).SaveNewUser","level":"info","msg":"saving new user with username stef123\n","time":"2021-06-12 00:28:38"}
{"data":{},"file":"profileInfo_handler.go:378","func":"user-service/http/handler.(*profileInfoHandlder).EditUser","level":"info","msg":"Handling EDITING USER","time":"2021-06-12 00:28:45"}
{"data":{},"file":"profileInfo_usecase.go:247","func":"user-service/usecase.(*profileInfoUseCase).EditUser","level":"info","msg":"editing post for user, username stef123\n","time":"2021-06-12 00:28:45"}
{"data":{},"file":"profileInfo_usecase.go:87","func":"user-service/usecase.(*profileInfoUseCase).GetUserById","level":"info","msg":"getting user by id 123333\n","time":"2021-06-12 00:28:45"}
{"data":{},"file":"profileInfo_usecase.go:208","func":"user-service/usecase.(*profileInfoUseCase).DecodeBase64","level":"info","msg":"decoding base64 for image 123333/83c2d295-cfcd-4577-82fc-33c548ccf0a1.png and user 123333\n","time":"2021-06-12 00:28:45"}
{"data":{},"file":"profileInfo_usecase.go:138","func":"user-service/usecase.(*profileInfoUseCase).EncodeBase64","level":"info","msg":"encoding base64 image for userId 123333\n","time":"2021-06-12 00:28:45"}
{"data":{},"file":"profileInfo_handler.go:54","func":"user-service/http/handler.(*profileInfoHandlder).SearchUser","level":"info","msg":"Handling SEARCH USERS","time":"2021-06-12 00:29:43"}
{"data":{},"file":"profileInfo_usecase.go:277","func":"user-service/usecase.(*profileInfoUseCase).SearchUser","level":"info","msg":"searching users, search = pera\n","time":"2021-06-12 00:29:43"}
{"data":{},"file":"profileInfo_usecase.go:208","func":"user-service/usecase.(*profileInfoUseCase).DecodeBase64","level":"info","msg":"decoding base64 for image e2b5f92e-c31b-11eb-8529-0242ac130003/1b1a4d40-eb31-4acd-a947-ad398f47c692.jpeg and user e2b5f92e-c31b-11eb-8529-0242ac130003\n","time":"2021-06-12 00:29:43"}
{"data":{},"file":"profileInfo_handler.go:183","func":"user-service/http/handler.(*profileInfoHandlder).GetById","level":"info","msg":"Handling GETTING PROFILE BY ID","time":"2021-06-12 00:30:57"}
{"data":{},"file":"profileInfo_usecase.go:77","func":"user-service/usecase.(*profileInfoUseCase).GetById","level":"info","msg":"getting by id 123333\n","time":"2021-06-12 00:30:57"}
{"data":{},"file":"profileInfo_usecase.go:208","func":"user-service/usecase.(*profileInfoUseCase).DecodeBase64","level":"info","msg":"decoding base64 for image 123333/e7cce810-3ecc-404a-a3eb-62edca9a009f.png and user 123333\n","time":"2021-06-12 00:30:57"}
{"data":{},"file":"profileInfo_handler.go:232","func":"user-service/http/handler.(*profileInfoHandlder).GetUserById","level":"info","msg":"Handling GETTING USER BY ID","time":"2021-06-12 00:31:13"}
{"data":{},"file":"profileInfo_usecase.go:87","func":"user-service/usecase.(*profileInfoUseCase).GetUserById","level":"info","msg":"getting user by id 123333\n","time":"2021-06-12 00:31:13"}
{"data":{},"file":"profileInfo_usecase.go:208","func":"user-service/usecase.(*profileInfoUseCase).DecodeBase64","level":"info","msg":"decoding base64 for image 123333/e7cce810-3ecc-404a-a3eb-62edca9a009f.png and user 123333\n","time":"2021-06-12 00:31:13"}
